<?xml version="1.0" encoding="UTF-8"?>
<!-- Generated by org.testng.reporters.JUnitXMLReporter -->
<testsuite hostname="Godfather" name="Regression" tests="5" failures="3" timestamp="11 Feb 2021 17:05:16 GMT" time="37.816" errors="0">
  <testcase name="verifyTablePaginationMenu" time="1.111" classname="seleniumeasy.test.Tests.HomePageTest">
    <failure type="java.lang.AssertionError" message="The following asserts failed:
	expected [Type in your search to filter data by Tasks / Assignee / Status] but found [Table with Pagination Examples]">
      <![CDATA[java.lang.AssertionError: The following asserts failed:
	expected [Type in your search to filter data by Tasks / Assignee / Status] but found [Table with Pagination Examples]
	at seleniumeasy.test.Tests.HomePageTest.verifyTablePaginationMenu(HomePageTest.java:43)
... Removed 26 stack frames]]>
    </failure>
  </testcase> <!-- verifyTablePaginationMenu -->
  <testcase name="verifyTableHeader" time="30.189" classname="seleniumeasy.test.Tests.TablePaginationTest">
    <failure type="org.openqa.selenium.NoSuchElementException" message="no such element: Unable to locate element: {&amp;quot;method&amp;quot;:&amp;quot;xpath&amp;quot;,&amp;quot;selector&amp;quot;:&amp;quot;//th[text()=&amp;apos;Table heading 4&amp;apos;]&amp;quot;}
  (Session info: chrome=88.0.4324.150)
For documentation on this error, please visit: http://seleniumhq.org/exceptions/no_such_element.html
Build info: version: &amp;apos;3.141.5&amp;apos;, revision: &amp;apos;d54ebd709a&amp;apos;, time: &amp;apos;2018-11-06T11:42:16&amp;apos;
System info: host: &amp;apos;GODFATHER&amp;apos;, ip: &amp;apos;192.168.86.53&amp;apos;, os.name: &amp;apos;Windows 10&amp;apos;, os.arch: &amp;apos;amd64&amp;apos;, os.version: &amp;apos;10.0&amp;apos;, java.version: &amp;apos;1.8.0_171&amp;apos;
Driver info: org.openqa.selenium.chrome.ChromeDriver
Capabilities {acceptInsecureCerts: false, browserName: chrome, browserVersion: 88.0.4324.150, chrome: {chromedriverVersion: 87.0.4280.88 (89e2380a3e36c..., userDataDir: C:\Users\sanee\AppData\Loca...}, goog:chromeOptions: {debuggerAddress: localhost:49419}, javascriptEnabled: true, networkConnectionEnabled: false, pageLoadStrategy: normal, platform: WINDOWS, platformName: WINDOWS, proxy: Proxy(), setWindowRect: true, strictFileInteractability: false, timeouts: {implicit: 0, pageLoad: 300000, script: 30000}, unhandledPromptBehavior: dismiss and notify, webauthn:virtualAuthenticators: true}
Session ID: 975097e4586197f6a21c1ebd91ac1b26
*** Element info: {Using=xpath, value=//th[text()=&amp;apos;Table heading 4&amp;apos;]}">
      <![CDATA[org.openqa.selenium.NoSuchElementException: no such element: Unable to locate element: {"method":"xpath","selector":"//th[text()='Table heading 4']"}
  (Session info: chrome=88.0.4324.150)
For documentation on this error, please visit: http://seleniumhq.org/exceptions/no_such_element.html
Build info: version: '3.141.5', revision: 'd54ebd709a', time: '2018-11-06T11:42:16'
System info: host: 'GODFATHER', ip: '192.168.86.53', os.name: 'Windows 10', os.arch: 'amd64', os.version: '10.0', java.version: '1.8.0_171'
Driver info: org.openqa.selenium.chrome.ChromeDriver
Capabilities {acceptInsecureCerts: false, browserName: chrome, browserVersion: 88.0.4324.150, chrome: {chromedriverVersion: 87.0.4280.88 (89e2380a3e36c..., userDataDir: C:\Users\sanee\AppData\Loca...}, goog:chromeOptions: {debuggerAddress: localhost:49419}, javascriptEnabled: true, networkConnectionEnabled: false, pageLoadStrategy: normal, platform: WINDOWS, platformName: WINDOWS, proxy: Proxy(), setWindowRect: true, strictFileInteractability: false, timeouts: {implicit: 0, pageLoad: 300000, script: 30000}, unhandledPromptBehavior: dismiss and notify, webauthn:virtualAuthenticators: true}
Session ID: 975097e4586197f6a21c1ebd91ac1b26
*** Element info: {Using=xpath, value=//th[text()='Table heading 4']}
	at org.openqa.selenium.remote.http.W3CHttpResponseCodec.createException(W3CHttpResponseCodec.java:187)
	at org.openqa.selenium.remote.http.W3CHttpResponseCodec.decode(W3CHttpResponseCodec.java:122)
	at org.openqa.selenium.remote.http.W3CHttpResponseCodec.decode(W3CHttpResponseCodec.java:49)
	at org.openqa.selenium.remote.HttpCommandExecutor.execute(HttpCommandExecutor.java:158)
	at org.openqa.selenium.remote.service.DriverCommandExecutor.execute(DriverCommandExecutor.java:83)
	at org.openqa.selenium.remote.RemoteWebDriver.execute(RemoteWebDriver.java:552)
	at org.openqa.selenium.remote.RemoteWebDriver.findElement(RemoteWebDriver.java:323)
	at org.openqa.selenium.remote.RemoteWebDriver.findElementByXPath(RemoteWebDriver.java:428)
	at org.openqa.selenium.By$ByXPath.findElement(By.java:353)
	at org.openqa.selenium.remote.RemoteWebDriver.findElement(RemoteWebDriver.java:315)
	at seleniumeasy.test.Tests.TablePaginationTest.verifyTableHeader(TablePaginationTest.java:31)
... Removed 29 stack frames]]>
    </failure>
  </testcase> <!-- verifyTableHeader -->
  <testcase name="verifyTableContents" time="3.126" classname="seleniumeasy.test.Tests.TablePaginationTest"/>
  <testcase name="verifySearchElementBasedOnUsername" time="0.967" classname="seleniumeasy.test.Tests.tblDataSearchTest"/>
  <testcase name="verifySearchElementBasedOnAssignee" time="0.192" classname="seleniumeasy.test.Tests.tblDataSearchTest">
    <failure type="java.lang.AssertionError" message="The following asserts failed:
	expected [Smith] but found [John Smith]">
      <![CDATA[java.lang.AssertionError: The following asserts failed:
	expected [Smith] but found [John Smith]
	at seleniumeasy.test.Tests.tblDataSearchTest.verifySearchElementBasedOnAssignee(tblDataSearchTest.java:53)
... Removed 26 stack frames]]>
    </failure>
  </testcase> <!-- verifySearchElementBasedOnAssignee -->
</testsuite> <!-- Regression -->
