<!DOCTYPE html PUBLIC "-//W3C//DTD XHTML 1.1//EN" "http://www.w3.org/TR/xhtml11/DTD/xhtml11.dtd">
<html xmlns="http://www.w3.org/1999/xhtml"><head><title>TestNG Report</title><style type="text/css">table {margin-bottom:10px;border-collapse:collapse;empty-cells:show}th,td {border:1px solid #009;padding:.25em .5em}th {vertical-align:bottom}td {vertical-align:top}table a {font-weight:bold}.stripe td {background-color: #E6EBF9}.num {text-align:right}.passedodd td {background-color: #3F3}.passedeven td {background-color: #0A0}.skippedodd td {background-color: #DDD}.skippedeven td {background-color: #CCC}.failedodd td,.attn {background-color: #F33}.failedeven td,.stripe .attn {background-color: #D00}.stacktrace {white-space:pre;font-family:monospace}.totop {font-size:85%;text-align:center;border-bottom:2px solid #000}</style></head><body><table><tr><th>Test</th><th># Passed</th><th># Skipped</th><th># Failed</th><th>Time (ms)</th><th>Included Groups</th><th>Excluded Groups</th></tr><tr><th colspan="7">AutomationSuit</th></tr><tr><td><a href="#t0">Regression</a></td><td class="num">2</td><td class="num">0</td><td class="num attn">3</td><td class="num">37,816</td><td></td><td></td></tr></table><table><thead><tr><th>Class</th><th>Method</th><th>Start</th><th>Time (ms)</th></tr></thead><tbody><tr><th colspan="4">AutomationSuit</th></tr></tbody><tbody id="t0"><tr><th colspan="4">Regression &#8212; failed</th></tr><tr class="failedeven"><td rowspan="1">seleniumeasy.test.Tests.HomePageTest</td><td><a href="#m0">verifyTablePaginationMenu</a></td><td rowspan="1">1613063078237</td><td rowspan="1">1111</td></tr><tr class="failedodd"><td rowspan="1">seleniumeasy.test.Tests.TablePaginationTest</td><td><a href="#m1">verifyTableHeader</a></td><td rowspan="1">1613063080092</td><td rowspan="1">30189</td></tr><tr class="failedeven"><td rowspan="1">seleniumeasy.test.Tests.tblDataSearchTest</td><td><a href="#m2">verifySearchElementBasedOnAssignee</a></td><td rowspan="1">1613063115118</td><td rowspan="1">192</td></tr><tr><th colspan="4">Regression &#8212; passed</th></tr><tr class="passedeven"><td rowspan="1">seleniumeasy.test.Tests.TablePaginationTest</td><td><a href="#m3">verifyTableContents</a></td><td rowspan="1">1613063111021</td><td rowspan="1">3126</td></tr><tr class="passedodd"><td rowspan="1">seleniumeasy.test.Tests.tblDataSearchTest</td><td><a href="#m4">verifySearchElementBasedOnUsername</a></td><td rowspan="1">1613063114149</td><td rowspan="1">967</td></tr></tbody></table><h2>Regression</h2><h3 id="m0">seleniumeasy.test.Tests.HomePageTest#verifyTablePaginationMenu</h3><table class="result"><tr><th>Messages</th></tr><tr><td><div class="messages">Test Name is: verifyTablePaginationMenu</div></td></tr><tr><th>Exception</th></tr><tr><td><div class="stacktrace">java.lang.AssertionError: The following asserts failed:
	expected [Type in your search to filter data by Tasks / Assignee / Status] but found [Table with Pagination Examples]
	at seleniumeasy.test.Tests.HomePageTest.verifyTablePaginationMenu(HomePageTest.java:43)
... Removed 26 stack frames</div></td></tr></table><p class="totop"><a href="#summary">back to summary</a></p><h3 id="m1">seleniumeasy.test.Tests.TablePaginationTest#verifyTableHeader</h3><table class="result"><tr><th>Exception</th></tr><tr><td><div class="stacktrace">org.openqa.selenium.NoSuchElementException: no such element: Unable to locate element: {&quot;method&quot;:&quot;xpath&quot;,&quot;selector&quot;:&quot;//th[text()=&apos;Table heading 4&apos;]&quot;}
  (Session info: chrome=88.0.4324.150)
For documentation on this error, please visit: http://seleniumhq.org/exceptions/no_such_element.html
Build info: version: &apos;3.141.5&apos;, revision: &apos;d54ebd709a&apos;, time: &apos;2018-11-06T11:42:16&apos;
System info: host: &apos;GODFATHER&apos;, ip: &apos;192.168.86.53&apos;, os.name: &apos;Windows 10&apos;, os.arch: &apos;amd64&apos;, os.version: &apos;10.0&apos;, java.version: &apos;1.8.0_171&apos;
Driver info: org.openqa.selenium.chrome.ChromeDriver
Capabilities {acceptInsecureCerts: false, browserName: chrome, browserVersion: 88.0.4324.150, chrome: {chromedriverVersion: 87.0.4280.88 (89e2380a3e36c..., userDataDir: C:\Users\sanee\AppData\Loca...}, goog:chromeOptions: {debuggerAddress: localhost:49419}, javascriptEnabled: true, networkConnectionEnabled: false, pageLoadStrategy: normal, platform: WINDOWS, platformName: WINDOWS, proxy: Proxy(), setWindowRect: true, strictFileInteractability: false, timeouts: {implicit: 0, pageLoad: 300000, script: 30000}, unhandledPromptBehavior: dismiss and notify, webauthn:virtualAuthenticators: true}
Session ID: 975097e4586197f6a21c1ebd91ac1b26
*** Element info: {Using=xpath, value=//th[text()=&apos;Table heading 4&apos;]}
	at org.openqa.selenium.remote.http.W3CHttpResponseCodec.createException(W3CHttpResponseCodec.java:187)
	at org.openqa.selenium.remote.http.W3CHttpResponseCodec.decode(W3CHttpResponseCodec.java:122)
	at org.openqa.selenium.remote.http.W3CHttpResponseCodec.decode(W3CHttpResponseCodec.java:49)
	at org.openqa.selenium.remote.HttpCommandExecutor.execute(HttpCommandExecutor.java:158)
	at org.openqa.selenium.remote.service.DriverCommandExecutor.execute(DriverCommandExecutor.java:83)
	at org.openqa.selenium.remote.RemoteWebDriver.execute(RemoteWebDriver.java:552)
	at org.openqa.selenium.remote.RemoteWebDriver.findElement(RemoteWebDriver.java:323)
	at org.openqa.selenium.remote.RemoteWebDriver.findElementByXPath(RemoteWebDriver.java:428)
	at org.openqa.selenium.By$ByXPath.findElement(By.java:353)
	at org.openqa.selenium.remote.RemoteWebDriver.findElement(RemoteWebDriver.java:315)
	at seleniumeasy.test.Tests.TablePaginationTest.verifyTableHeader(TablePaginationTest.java:31)
... Removed 29 stack frames</div></td></tr></table><p class="totop"><a href="#summary">back to summary</a></p><h3 id="m2">seleniumeasy.test.Tests.tblDataSearchTest#verifySearchElementBasedOnAssignee</h3><table class="result"><tr><th>Messages</th></tr><tr><td><div class="messages">Test Data is : Smith</div></td></tr><tr><th>Exception</th></tr><tr><td><div class="stacktrace">java.lang.AssertionError: The following asserts failed:
	expected [Smith] but found [John Smith]
	at seleniumeasy.test.Tests.tblDataSearchTest.verifySearchElementBasedOnAssignee(tblDataSearchTest.java:53)
... Removed 26 stack frames</div></td></tr></table><p class="totop"><a href="#summary">back to summary</a></p><h3 id="m3">seleniumeasy.test.Tests.TablePaginationTest#verifyTableContents</h3><table class="result"></table><p class="totop"><a href="#summary">back to summary</a></p><h3 id="m4">seleniumeasy.test.Tests.tblDataSearchTest#verifySearchElementBasedOnUsername</h3><table class="result"><tr><th>Messages</th></tr><tr><td><div class="messages">TestData is:markino</div></td></tr></table><p class="totop"><a href="#summary">back to summary</a></p></body></html>