<?xml version="1.0" encoding="UTF-8"?>
<testng-results skipped="0" failed="3" total="5" passed="2">
  <reporter-output>
    <line>
      <![CDATA[Test Name is: verifyTablePaginationMenu]]>
    </line>
    <line>
      <![CDATA[TestData is:markino]]>
    </line>
    <line>
      <![CDATA[Test Data is : Smith]]>
    </line>
  </reporter-output>
  <suite name="AutomationSuit" duration-ms="37816" started-at="2021-02-11T17:04:38Z" finished-at="2021-02-11T17:05:16Z">
    <groups>
    </groups>
    <test name="Regression" duration-ms="37816" started-at="2021-02-11T17:04:38Z" finished-at="2021-02-11T17:05:16Z">
      <class name="seleniumeasy.test.Tests.tblDataSearchTest">
        <test-method status="PASS" signature="verifySearchElementBasedOnUsername()[pri:97, instance:seleniumeasy.test.Tests.tblDataSearchTest@59e32960]" name="verifySearchElementBasedOnUsername" duration-ms="967" started-at="2021-02-11T22:35:14Z" finished-at="2021-02-11T22:35:15Z">
          <reporter-output>
            <line>
              <![CDATA[TestData is:markino]]>
            </line>
          </reporter-output>
        </test-method> <!-- verifySearchElementBasedOnUsername -->
        <test-method status="FAIL" signature="verifySearchElementBasedOnAssignee()[pri:98, instance:seleniumeasy.test.Tests.tblDataSearchTest@59e32960]" name="verifySearchElementBasedOnAssignee" duration-ms="192" started-at="2021-02-11T22:35:15Z" finished-at="2021-02-11T22:35:15Z">
          <exception class="java.lang.AssertionError">
            <message>
              <![CDATA[The following asserts failed:
	expected [Smith] but found [John Smith]]]>
            </message>
            <full-stacktrace>
              <![CDATA[java.lang.AssertionError: The following asserts failed:
	expected [Smith] but found [John Smith]
	at org.testng.asserts.SoftAssert.assertAll(SoftAssert.java:43)
	at seleniumeasy.test.Tests.tblDataSearchTest.verifySearchElementBasedOnAssignee(tblDataSearchTest.java:53)
	at sun.reflect.NativeMethodAccessorImpl.invoke0(Native Method)
	at sun.reflect.NativeMethodAccessorImpl.invoke(Unknown Source)
	at sun.reflect.DelegatingMethodAccessorImpl.invoke(Unknown Source)
	at java.lang.reflect.Method.invoke(Unknown Source)
	at org.testng.internal.MethodInvocationHelper.invokeMethod(MethodInvocationHelper.java:100)
	at org.testng.internal.Invoker.invokeMethod(Invoker.java:646)
	at org.testng.internal.Invoker.invokeTestMethod(Invoker.java:811)
	at org.testng.internal.Invoker.invokeTestMethods(Invoker.java:1129)
	at org.testng.internal.TestMethodWorker.invokeTestMethods(TestMethodWorker.java:129)
	at org.testng.internal.TestMethodWorker.run(TestMethodWorker.java:112)
	at org.testng.TestRunner.privateRun(TestRunner.java:746)
	at org.testng.TestRunner.run(TestRunner.java:600)
	at org.testng.SuiteRunner.runTest(SuiteRunner.java:366)
	at org.testng.SuiteRunner.runSequentially(SuiteRunner.java:361)
	at org.testng.SuiteRunner.privateRun(SuiteRunner.java:319)
	at org.testng.SuiteRunner.run(SuiteRunner.java:268)
	at org.testng.SuiteRunnerWorker.runSuite(SuiteRunnerWorker.java:52)
	at org.testng.SuiteRunnerWorker.run(SuiteRunnerWorker.java:86)
	at org.testng.TestNG.runSuitesSequentially(TestNG.java:1264)
	at org.testng.TestNG.runSuitesLocally(TestNG.java:1189)
	at org.testng.TestNG.runSuites(TestNG.java:1104)
	at org.testng.TestNG.run(TestNG.java:1076)
	at org.testng.remote.AbstractRemoteTestNG.run(AbstractRemoteTestNG.java:126)
	at org.testng.remote.RemoteTestNG.initAndRun(RemoteTestNG.java:152)
	at org.testng.remote.RemoteTestNG.main(RemoteTestNG.java:57)
]]>
            </full-stacktrace>
          </exception> <!-- java.lang.AssertionError -->
          <reporter-output>
            <line>
              <![CDATA[Test Data is : Smith]]>
            </line>
          </reporter-output>
        </test-method> <!-- verifySearchElementBasedOnAssignee -->
        <test-method status="PASS" signature="assertAllTests()[pri:0, instance:seleniumeasy.test.Tests.tblDataSearchTest@59e32960]" name="assertAllTests" is-config="true" duration-ms="1" started-at="2021-02-11T22:35:16Z" finished-at="2021-02-11T22:35:16Z">
          <reporter-output>
          </reporter-output>
        </test-method> <!-- assertAllTests -->
      </class> <!-- seleniumeasy.test.Tests.tblDataSearchTest -->
      <class name="seleniumeasy.test.Tests.TablePaginationTest">
        <test-method status="FAIL" signature="verifyTableHeader()[pri:1, instance:seleniumeasy.test.Tests.TablePaginationTest@3561c410]" name="verifyTableHeader" duration-ms="30189" started-at="2021-02-11T22:34:40Z" finished-at="2021-02-11T22:35:10Z">
          <exception class="org.openqa.selenium.NoSuchElementException">
            <message>
              <![CDATA[no such element: Unable to locate element: {"method":"xpath","selector":"//th[text()='Table heading 4']"}
  (Session info: chrome=88.0.4324.150)
For documentation on this error, please visit: http://seleniumhq.org/exceptions/no_such_element.html
Build info: version: '3.141.5', revision: 'd54ebd709a', time: '2018-11-06T11:42:16'
System info: host: 'GODFATHER', ip: '192.168.86.53', os.name: 'Windows 10', os.arch: 'amd64', os.version: '10.0', java.version: '1.8.0_171'
Driver info: org.openqa.selenium.chrome.ChromeDriver
Capabilities {acceptInsecureCerts: false, browserName: chrome, browserVersion: 88.0.4324.150, chrome: {chromedriverVersion: 87.0.4280.88 (89e2380a3e36c..., userDataDir: C:\Users\sanee\AppData\Loca...}, goog:chromeOptions: {debuggerAddress: localhost:49419}, javascriptEnabled: true, networkConnectionEnabled: false, pageLoadStrategy: normal, platform: WINDOWS, platformName: WINDOWS, proxy: Proxy(), setWindowRect: true, strictFileInteractability: false, timeouts: {implicit: 0, pageLoad: 300000, script: 30000}, unhandledPromptBehavior: dismiss and notify, webauthn:virtualAuthenticators: true}
Session ID: 975097e4586197f6a21c1ebd91ac1b26
*** Element info: {Using=xpath, value=//th[text()='Table heading 4']}]]>
            </message>
            <full-stacktrace>
              <![CDATA[org.openqa.selenium.NoSuchElementException: no such element: Unable to locate element: {"method":"xpath","selector":"//th[text()='Table heading 4']"}
  (Session info: chrome=88.0.4324.150)
For documentation on this error, please visit: http://seleniumhq.org/exceptions/no_such_element.html
Build info: version: '3.141.5', revision: 'd54ebd709a', time: '2018-11-06T11:42:16'
System info: host: 'GODFATHER', ip: '192.168.86.53', os.name: 'Windows 10', os.arch: 'amd64', os.version: '10.0', java.version: '1.8.0_171'
Driver info: org.openqa.selenium.chrome.ChromeDriver
Capabilities {acceptInsecureCerts: false, browserName: chrome, browserVersion: 88.0.4324.150, chrome: {chromedriverVersion: 87.0.4280.88 (89e2380a3e36c..., userDataDir: C:\Users\sanee\AppData\Loca...}, goog:chromeOptions: {debuggerAddress: localhost:49419}, javascriptEnabled: true, networkConnectionEnabled: false, pageLoadStrategy: normal, platform: WINDOWS, platformName: WINDOWS, proxy: Proxy(), setWindowRect: true, strictFileInteractability: false, timeouts: {implicit: 0, pageLoad: 300000, script: 30000}, unhandledPromptBehavior: dismiss and notify, webauthn:virtualAuthenticators: true}
Session ID: 975097e4586197f6a21c1ebd91ac1b26
*** Element info: {Using=xpath, value=//th[text()='Table heading 4']}
	at sun.reflect.NativeConstructorAccessorImpl.newInstance0(Native Method)
	at sun.reflect.NativeConstructorAccessorImpl.newInstance(Unknown Source)
	at sun.reflect.DelegatingConstructorAccessorImpl.newInstance(Unknown Source)
	at java.lang.reflect.Constructor.newInstance(Unknown Source)
	at org.openqa.selenium.remote.http.W3CHttpResponseCodec.createException(W3CHttpResponseCodec.java:187)
	at org.openqa.selenium.remote.http.W3CHttpResponseCodec.decode(W3CHttpResponseCodec.java:122)
	at org.openqa.selenium.remote.http.W3CHttpResponseCodec.decode(W3CHttpResponseCodec.java:49)
	at org.openqa.selenium.remote.HttpCommandExecutor.execute(HttpCommandExecutor.java:158)
	at org.openqa.selenium.remote.service.DriverCommandExecutor.execute(DriverCommandExecutor.java:83)
	at org.openqa.selenium.remote.RemoteWebDriver.execute(RemoteWebDriver.java:552)
	at org.openqa.selenium.remote.RemoteWebDriver.findElement(RemoteWebDriver.java:323)
	at org.openqa.selenium.remote.RemoteWebDriver.findElementByXPath(RemoteWebDriver.java:428)
	at org.openqa.selenium.By$ByXPath.findElement(By.java:353)
	at org.openqa.selenium.remote.RemoteWebDriver.findElement(RemoteWebDriver.java:315)
	at seleniumeasy.test.Tests.TablePaginationTest.verifyTableHeader(TablePaginationTest.java:31)
	at sun.reflect.NativeMethodAccessorImpl.invoke0(Native Method)
	at sun.reflect.NativeMethodAccessorImpl.invoke(Unknown Source)
	at sun.reflect.DelegatingMethodAccessorImpl.invoke(Unknown Source)
	at java.lang.reflect.Method.invoke(Unknown Source)
	at org.testng.internal.MethodInvocationHelper.invokeMethod(MethodInvocationHelper.java:100)
	at org.testng.internal.Invoker.invokeMethod(Invoker.java:646)
	at org.testng.internal.Invoker.invokeTestMethod(Invoker.java:811)
	at org.testng.internal.Invoker.invokeTestMethods(Invoker.java:1129)
	at org.testng.internal.TestMethodWorker.invokeTestMethods(TestMethodWorker.java:129)
	at org.testng.internal.TestMethodWorker.run(TestMethodWorker.java:112)
	at org.testng.TestRunner.privateRun(TestRunner.java:746)
	at org.testng.TestRunner.run(TestRunner.java:600)
	at org.testng.SuiteRunner.runTest(SuiteRunner.java:366)
	at org.testng.SuiteRunner.runSequentially(SuiteRunner.java:361)
	at org.testng.SuiteRunner.privateRun(SuiteRunner.java:319)
	at org.testng.SuiteRunner.run(SuiteRunner.java:268)
	at org.testng.SuiteRunnerWorker.runSuite(SuiteRunnerWorker.java:52)
	at org.testng.SuiteRunnerWorker.run(SuiteRunnerWorker.java:86)
	at org.testng.TestNG.runSuitesSequentially(TestNG.java:1264)
	at org.testng.TestNG.runSuitesLocally(TestNG.java:1189)
	at org.testng.TestNG.runSuites(TestNG.java:1104)
	at org.testng.TestNG.run(TestNG.java:1076)
	at org.testng.remote.AbstractRemoteTestNG.run(AbstractRemoteTestNG.java:126)
	at org.testng.remote.RemoteTestNG.initAndRun(RemoteTestNG.java:152)
	at org.testng.remote.RemoteTestNG.main(RemoteTestNG.java:57)
]]>
            </full-stacktrace>
          </exception> <!-- org.openqa.selenium.NoSuchElementException -->
          <reporter-output>
          </reporter-output>
        </test-method> <!-- verifyTableHeader -->
        <test-method status="PASS" signature="verifyTableContents()[pri:2, instance:seleniumeasy.test.Tests.TablePaginationTest@3561c410]" name="verifyTableContents" duration-ms="3126" started-at="2021-02-11T22:35:11Z" finished-at="2021-02-11T22:35:14Z">
          <reporter-output>
          </reporter-output>
        </test-method> <!-- verifyTableContents -->
        <test-method status="PASS" signature="assertAllTests()[pri:0, instance:seleniumeasy.test.Tests.TablePaginationTest@3561c410]" name="assertAllTests" is-config="true" duration-ms="0" started-at="2021-02-11T22:35:14Z" finished-at="2021-02-11T22:35:14Z">
          <reporter-output>
          </reporter-output>
        </test-method> <!-- assertAllTests -->
      </class> <!-- seleniumeasy.test.Tests.TablePaginationTest -->
      <class name="seleniumeasy.test.Tests.HomePageTest">
        <test-method status="FAIL" signature="verifyTablePaginationMenu()[pri:0, instance:seleniumeasy.test.Tests.HomePageTest@436c81a3]" name="verifyTablePaginationMenu" duration-ms="1111" started-at="2021-02-11T22:34:38Z" finished-at="2021-02-11T22:34:39Z">
          <exception class="java.lang.AssertionError">
            <message>
              <![CDATA[The following asserts failed:
	expected [Type in your search to filter data by Tasks / Assignee / Status] but found [Table with Pagination Examples]]]>
            </message>
            <full-stacktrace>
              <![CDATA[java.lang.AssertionError: The following asserts failed:
	expected [Type in your search to filter data by Tasks / Assignee / Status] but found [Table with Pagination Examples]
	at org.testng.asserts.SoftAssert.assertAll(SoftAssert.java:43)
	at seleniumeasy.test.Tests.HomePageTest.verifyTablePaginationMenu(HomePageTest.java:43)
	at sun.reflect.NativeMethodAccessorImpl.invoke0(Native Method)
	at sun.reflect.NativeMethodAccessorImpl.invoke(Unknown Source)
	at sun.reflect.DelegatingMethodAccessorImpl.invoke(Unknown Source)
	at java.lang.reflect.Method.invoke(Unknown Source)
	at org.testng.internal.MethodInvocationHelper.invokeMethod(MethodInvocationHelper.java:100)
	at org.testng.internal.Invoker.invokeMethod(Invoker.java:646)
	at org.testng.internal.Invoker.invokeTestMethod(Invoker.java:811)
	at org.testng.internal.Invoker.invokeTestMethods(Invoker.java:1129)
	at org.testng.internal.TestMethodWorker.invokeTestMethods(TestMethodWorker.java:129)
	at org.testng.internal.TestMethodWorker.run(TestMethodWorker.java:112)
	at org.testng.TestRunner.privateRun(TestRunner.java:746)
	at org.testng.TestRunner.run(TestRunner.java:600)
	at org.testng.SuiteRunner.runTest(SuiteRunner.java:366)
	at org.testng.SuiteRunner.runSequentially(SuiteRunner.java:361)
	at org.testng.SuiteRunner.privateRun(SuiteRunner.java:319)
	at org.testng.SuiteRunner.run(SuiteRunner.java:268)
	at org.testng.SuiteRunnerWorker.runSuite(SuiteRunnerWorker.java:52)
	at org.testng.SuiteRunnerWorker.run(SuiteRunnerWorker.java:86)
	at org.testng.TestNG.runSuitesSequentially(TestNG.java:1264)
	at org.testng.TestNG.runSuitesLocally(TestNG.java:1189)
	at org.testng.TestNG.runSuites(TestNG.java:1104)
	at org.testng.TestNG.run(TestNG.java:1076)
	at org.testng.remote.AbstractRemoteTestNG.run(AbstractRemoteTestNG.java:126)
	at org.testng.remote.RemoteTestNG.initAndRun(RemoteTestNG.java:152)
	at org.testng.remote.RemoteTestNG.main(RemoteTestNG.java:57)
]]>
            </full-stacktrace>
          </exception> <!-- java.lang.AssertionError -->
          <reporter-output>
            <line>
              <![CDATA[Test Name is: verifyTablePaginationMenu]]>
            </line>
          </reporter-output>
        </test-method> <!-- verifyTablePaginationMenu -->
        <test-method status="PASS" signature="sAssertAll()[pri:0, instance:seleniumeasy.test.Tests.HomePageTest@436c81a3]" name="sAssertAll" is-config="true" duration-ms="1" started-at="2021-02-11T22:34:40Z" finished-at="2021-02-11T22:34:40Z">
          <reporter-output>
          </reporter-output>
        </test-method> <!-- sAssertAll -->
      </class> <!-- seleniumeasy.test.Tests.HomePageTest -->
    </test> <!-- Regression -->
  </suite> <!-- AutomationSuit -->
</testng-results>
